
ROM used:   342/8192 (4%)
            342/8192 (4%) including unused fragments

            0.4 Average locations per line
            5.0 Average locations per statement

RAM used:   12/368 (3%) at main() level
            25/368 (7%) worst case

Stack used: 4 worst case (4 in main + 0 for interrupts)
Stack size: 8

Lines Stmts  %   Files
----- ----- ---  -----
   75    46  67  main.c
   10     0   0  main.h
  769     0   0  ..\..\..\..\..\Program Files (x86)\PICC\Devices\16F887.h
   67    23  33  my_74hc595.h
----- -----
  921    69 Total

Page ROM  %  RAM    Vol Diff  Functions:
---- --- --- ---    --- ----  ----------
0     20   6    1             @delay_ms1
0     63  18    1    121  1.8  ___send_bit_to_ic
0     32   9    6     14  0.8  @WRITEBITA
 Inline         0     78  1.6  ___upload_value_ic
0     25   7    3    264  6.2  ___send_byte_to_ic
0     61  18    4    204  3.3  OUTPUT_to_4_74HC595
0    137  40    0   1420  6.4  MAIN
 Inline         0    274  5.0  @cinit1

Program metrics:
    Functions               7
    Statements              69
    Comments                146
    Volume (V)              3269
    Difficulty (D)          25.7
    Effort to implement (E) 84173
    Time to implement (T)   1 hours, 18 minutes
    Est Delivered Bugs (B)  1
    Cyclomatic Complexity   12
    Maintainability (MI)    137

 Segment     Used  Free
-----------  ----  ----
00000-00003     4  0  
00004-007FF   338  1706  
00800-00FFF     0  2048  
01000-017FF     0  2048  
01800-01FFF     0  2048  



