
ROM used:   567/8192 (7%)
            567/8192 (7%) including unused fragments

            0.6 Average locations per line
            6.4 Average locations per statement

RAM used:   10/368 (3%) at main() level
            15/368 (4%) worst case

Stack used: 2 worst case (2 in main + 0 for interrupts)
Stack size: 8

Lines Stmts  %   Files
----- ----- ---  -----
  172    88 100  main.c
   10     0   0  main.h
  769     0   0  ..\..\..\..\..\Program Files (x86)\PICC\Devices\16F887.h
----- -----
  951    88 Total

Page ROM  %  RAM    Vol Diff  Functions:
---- --- --- ---    --- ----  ----------
0     20   4    1             @delay_ms1
0     19   3    2     40  1.3  out_d
0      5   1    3     68  3.1  shilf_lelf
0     10   2    4    136  4.4  shilf_rigth
0     49   9    1    300  3.7  bai_1
0     49   9    1    292  3.7  bai_2
0     94  17    4    425  4.7  bai_3
0     91  16    4    425  4.7  bai_4
0     89  16    3    535  5.2  bai_5
0     89  16    4    436  4.3  bai_6
0     48   8    0    199  1.8  MAIN
 Inline         0             @cinit1

Program metrics:
    Functions               10
    Statements              88
    Comments                150
    Volume (V)              4566
    Difficulty (D)          36.9
    Effort to implement (E) 168602
    Time to implement (T)   2 hours, 36 minutes
    Est Delivered Bugs (B)  1
    Cyclomatic Complexity   13
    Maintainability (MI)    90

 Segment     Used  Free
-----------  ----  ----
00000-00003     4  0  
00004-007FF   563  1481  
00800-00FFF     0  2048  
01000-017FF     0  2048  
01800-01FFF     0  2048  



